021-06-10T06:22:25.281017Z 2 [Note] set thread(140109487466240) user name mysql-(null), user (null)
2021-06-10T06:22:25.281414Z 2 [Note] Access denied for user 'root'@'localhost' (using password: YES)
2021-06-10T06:22:36.881205Z 3 [Note] set thread(140109487466240) user name mysql-(null), user (null)
2021-06-10T06:31:08.117381Z 4 [Note] set thread(140109487466240) user name mysql-(null), user (null)
2021-06-10T06:31:08.117892Z 4 [Note] Access denied for user 'root'@'localhost' (using password: YES)
2021-06-10T06:31:10.465299Z 5 [Note] set thread(140109487466240) user name mysql-(null), user (null)
2021-06-10T06:51:39.665460Z 5 [Note] 'CHANGE MASTER TO FOR CHANNEL 'group_replication_recovery' executed'. Previous state master_host='', master_port= 3306, master_log_file='', master_log_pos= 4, master_bind=''. New state master_host='', master_port= 3306, master_log_file='', master_log_pos= 4, master_bind=''.
2021-06-10T06:52:58.537274Z 6 [Note] Plugin group_replication reported: 'Setting super_read_only=ON.'
2021-06-10T06:52:58.537910Z 5 [Note] Plugin group_replication reported: 'Group communication SSL configuration: group_replication_ssl_mode: "DISABLED"'
2021-06-10T06:52:58.539931Z 5 [Note] Plugin group_replication reported: '[GCS] Added automatically IP ranges 127.0.0.1/8,172.17.0.1/16,192.168.122.1/24,192.168.79.132/24 to the whitelist'
2021-06-10T06:52:58.548255Z 5 [Note] Plugin group_replication reported: '[GCS] Translated 'node1' to 192.168.79.132'
2021-06-10T06:53:03.558766Z 5 [Warning] Plugin group_replication reported: '[GCS] Automatically adding IPv4 localhost address to the whitelist. It is mandatory that it is added.'
2021-06-10T06:53:03.560123Z 5 [Note] Plugin group_replication reported: '[GCS] SSL was not enabled'
2021-06-10T06:53:03.560190Z 5 [Note] Plugin group_replication reported: 'Initialized group communication with configuration: group_replication_group_name: "aaaaaaaa-aaaa-aaaa-aaaa-aaaaaaaaaaaa"; group_replication_local_address: "node1:33101"; group_replication_group_seeds: "node1:33101,node2:33101,node3:33101"; group_replication_bootstrap_group: true; group_replication_poll_spin_loops: 0; group_replication_compression_threshold: 1000000; group_replication_ip_whitelist: "AUTOMATIC"'
2021-06-10T06:53:03.560559Z 5 [Note] Plugin group_replication reported: '[GCS] Configured number of attempts to join: 0'
2021-06-10T06:53:03.560573Z 5 [Note] Plugin group_replication reported: '[GCS] Configured time between attempts to join: 5 seconds'
2021-06-10T06:53:03.560884Z 5 [Note] Plugin group_replication reported: 'Member configuration: member_id: 1; member_uuid: "391e4ba7-50ea-11eb-b1ac-000c299195a1"; single-primary mode: "true"; group_replication_auto_increment_increment: 7; '
2021-06-10T06:53:03.564067Z 7 [Note] 'CHANGE MASTER TO FOR CHANNEL 'group_replication_applier' executed'. Previous state master_host='<NULL>', master_port= 0, master_log_file='', master_log_pos= 4, master_bind=''. New state master_host='<NULL>', master_port= 0, master_log_file='', master_log_pos= 4, master_bind=''.
2021-06-10T06:53:03.572174Z 5 [Note] Plugin group_replication reported: 'Group Replication applier module successfully initialized!'
2021-06-10T06:53:03.572451Z 10 [Note] Slave SQL thread for channel 'group_replication_applier' initialized, starting replication in log 'FIRST' at position 0, relay log '../relaylog/relay-bin-group_replication_applier.000002' position: 1705
2021-06-10T06:53:03.572503Z 5 [Note] Plugin group_replication reported: 'auto_increment_increment is set to 7'
2021-06-10T06:53:03.572516Z 5 [Note] Plugin group_replication reported: 'auto_increment_offset is set to 1'
2021-06-10T06:53:03.597263Z 0 [Note] Plugin group_replication reported: 'XCom protocol version: 3'
2021-06-10T06:53:03.597303Z 0 [Note] Plugin group_replication reported: 'XCom initialized and ready to accept incoming connections on port 33101'
2021-06-10T06:53:04.614378Z 13 [Note] Plugin group_replication reported: 'Only one server alive. Declaring this server as online within the replication group'
2021-06-10T06:53:04.614921Z 0 [Note] Plugin group_replication reported: 'Group membership changed to node1:3310 on view 16233079846133706:1.'
2021-06-10T06:53:04.617453Z 0 [Note] Plugin group_replication reported: 'This server was declared online within the replication group'
2021-06-10T06:53:04.617601Z 0 [Note] Plugin group_replication reported: 'A new primary with address node1:3310 was elected, enabling conflict detection until the new primary applies all relay logs.'
2021-06-10T06:53:04.617791Z 15 [Note] Plugin group_replication reported: 'Setting read_only=OFF.'
2021-06-10T06:53:04.617803Z 15 [Note] Plugin group_replication reported: 'This server is working as primary member.'
