2021-06-10T07:48:49.306678Z 18 [Note] 'CHANGE MASTER TO FOR CHANNEL 'group_replication_recovery' executed'. Previous state master_host='<NULL>', master_port= 0, master_log_file='', master_log_pos= 4, master_bind=''. New state master_host='<NULL>', master_port= 0, master_log_file='', master_log_pos= 4, master_bind=''.
2021-06-10T07:49:36.373060Z 19 [Note] Plugin group_replication reported: 'Setting super_read_only=ON.'
2021-06-10T07:49:36.373212Z 18 [Note] Plugin group_replication reported: 'Group communication SSL configuration: group_replication_ssl_mode: "DISABLED"'
2021-06-10T07:49:36.373376Z 18 [Note] Plugin group_replication reported: '[GCS] Added automatically IP ranges 127.0.0.1/8,172.17.0.1/16,192.168.122.1/24,192.168.79.133/24 to the whitelist'
2021-06-10T07:49:36.373740Z 18 [Note] Plugin group_replication reported: '[GCS] Translated 'node2' to 192.168.79.133'
2021-06-10T07:49:36.373967Z 18 [Warning] Plugin group_replication reported: '[GCS] Automatically adding IPv4 localhost address to the whitelist. It is mandatory that it is added.'
2021-06-10T07:49:36.374067Z 18 [Note] Plugin group_replication reported: '[GCS] SSL was not enabled'
2021-06-10T07:49:36.374098Z 18 [Note] Plugin group_replication reported: 'Initialized group communication with configuration: group_replication_group_name: "aaaaaaaa-aaaa-aaaa-aaaa-aaaaaaaaaaaa"; group_replication_local_address: "node2:33101"; group_replication_group_seeds: "node1:33101,node2:33101,node3:33101"; group_replication_bootstrap_group: false; group_replication_poll_spin_loops: 0; group_replication_compression_threshold: 1000000; group_replication_ip_whitelist: "AUTOMATIC"'
2021-06-10T07:49:36.374144Z 18 [Note] Plugin group_replication reported: '[GCS] Configured number of attempts to join: 0'
2021-06-10T07:49:36.374150Z 18 [Note] Plugin group_replication reported: '[GCS] Configured time between attempts to join: 5 seconds'
2021-06-10T07:49:36.374186Z 18 [Note] Plugin group_replication reported: 'Member configuration: member_id: 2; member_uuid: "85737526-b2fa-11eb-8fb5-000c29cb1d18"; single-primary mode: "true"; group_replication_auto_increment_increment: 7; '
2021-06-10T07:49:36.375682Z 20 [Note] 'CHANGE MASTER TO FOR CHANNEL 'group_replication_applier' executed'. Previous state master_host='<NULL>', master_port= 0, master_log_file='', master_log_pos= 4, master_bind=''. New state master_host='<NULL>', master_port= 0, master_log_file='', master_log_pos= 4, master_bind=''.
2021-06-10T07:49:36.382451Z 23 [Note] Slave SQL thread for channel 'group_replication_applier' initialized, starting replication in log 'FIRST' at position 0, relay log '../relaylog/relay-bin-group_replication_applier.000001' position: 4
2021-06-10T07:49:36.382447Z 18 [Note] Plugin group_replication reported: 'Group Replication applier module successfully initialized!'
2021-06-10T07:49:36.382547Z 18 [Note] Plugin group_replication reported: 'auto_increment_increment is set to 7'
2021-06-10T07:49:36.382556Z 18 [Note] Plugin group_replication reported: 'auto_increment_offset is set to 2'
2021-06-10T07:49:36.409430Z 0 [Note] Plugin group_replication reported: 'XCom protocol version: 3'
2021-06-10T07:49:36.409472Z 0 [Note] Plugin group_replication reported: 'XCom initialized and ready to accept incoming connections on port 33101'
2021-06-10T07:49:41.180478Z 0 [ERROR] Plugin group_replication reported: 'This member has more executed transactions than those present in the group. Local transactions: 85737526-b2fa-11eb-8fb5-000c29cb1d18:1 > Group transactions: 391e4ba7-50ea-11eb-b1ac-000c299195a1:1-6922,
aaaaaaaa-aaaa-aaaa-aaaa-aaaaaaaaaaaa:1-5'
2021-06-10T07:49:41.180526Z 0 [ERROR] Plugin group_replication reported: 'The member contains transactions not present in the group. The member will now exit the group.'
2021-06-10T07:49:41.180532Z 0 [Note] Plugin group_replication reported: 'To force this member into the group you can use the group_replication_allow_local_disjoint_gtids_join option'
2021-06-10T07:49:41.180582Z 0 [Note] Plugin group_replication reported: 'Group membership changed to node1:3310,  on view 16233079846133706:2.'
2021-06-10T07:49:41.180600Z 18 [Note] Plugin group_replication reported: 'Going to wait for view modification'
2021-06-10T07:49:44.698338Z 0 [Note] Plugin group_replication reported: 'Group membership changed: This member has left the group.'
2021-06-10T07:49:49.699015Z 18 [Note] Plugin group_replication reported: 'auto_increment_increment is reset to 1'
2021-06-10T07:49:49.699102Z 18 [Note] Plugin group_replication reported: 'auto_increment_offset is reset to 1'
2021-06-10T07:49:49.699697Z 23 [Note] Error reading relay log event for channel 'group_replication_applier': slave SQL thread was killed
2021-06-10T07:49:49.700954Z 20 [Note] Plugin group_replication reported: 'The group replication applier thread was killed'
2021-06-10T07:49:49.701995Z 19 [Note] Plugin group_replication reported: 'Setting read_only=OFF.'